#! /usr/local/iverilog/bin/vvp
:ivl_version "11.0 (devel)" "(s20150603-612-ga9388a89)";
:ivl_delay_selection "TYPICAL";
:vpi_time_precision + 0;
:vpi_module "system";
:vpi_module "vhdl_sys";
:vpi_module "vhdl_textio";
:vpi_module "v2005_math";
:vpi_module "va_math";
S_000000000091a700 .scope module, "test_and" "test_and" 2 1;
 .timescale 0 0;
L_0000000002832aa0 .functor OR 1, v0000000002866c70_0, v000000000091a890_0, v000000000091a930_0, C4<0>;
L_000000000091ce60 .functor AND 1, v0000000002866c70_0, v000000000091a890_0, v000000000091a930_0, C4<1>;
v0000000002866c70_0 .var "a1", 0 0;
v000000000091a890_0 .var "a2", 0 0;
v000000000091a930_0 .var "a3", 0 0;
v000000000091cd20_0 .net "b1", 0 0, L_0000000002832aa0;  1 drivers
v000000000091cdc0_0 .net "b2", 0 0, L_000000000091ce60;  1 drivers
    .scope S_000000000091a700;
T_0 ;
    %pushi/vec4 0, 0, 1;
    %store/vec4 v0000000002866c70_0, 0, 1;
    %pushi/vec4 0, 0, 1;
    %store/vec4 v000000000091a890_0, 0, 1;
    %pushi/vec4 0, 0, 1;
    %store/vec4 v000000000091a930_0, 0, 1;
    %delay 1, 0;
    %pushi/vec4 1, 0, 1;
    %store/vec4 v000000000091a930_0, 0, 1;
    %delay 1, 0;
    %pushi/vec4 1, 0, 1;
    %store/vec4 v000000000091a890_0, 0, 1;
    %pushi/vec4 0, 0, 1;
    %store/vec4 v000000000091a930_0, 0, 1;
    %delay 1, 0;
    %pushi/vec4 1, 0, 1;
    %store/vec4 v000000000091a930_0, 0, 1;
    %delay 1, 0;
    %pushi/vec4 1, 0, 1;
    %store/vec4 v0000000002866c70_0, 0, 1;
    %pushi/vec4 0, 0, 1;
    %store/vec4 v000000000091a890_0, 0, 1;
    %pushi/vec4 0, 0, 1;
    %store/vec4 v000000000091a930_0, 0, 1;
    %delay 1, 0;
    %pushi/vec4 1, 0, 1;
    %store/vec4 v000000000091a930_0, 0, 1;
    %delay 1, 0;
    %pushi/vec4 1, 0, 1;
    %store/vec4 v000000000091a890_0, 0, 1;
    %pushi/vec4 0, 0, 1;
    %store/vec4 v000000000091a930_0, 0, 1;
    %delay 1, 0;
    %pushi/vec4 1, 0, 1;
    %store/vec4 v000000000091a930_0, 0, 1;
    %end;
    .thread T_0;
    .scope S_000000000091a700;
T_1 ;
    %vpi_call 2 23 "$display", "OR gate" {0 0 0};
    %end;
    .thread T_1;
    .scope S_000000000091a700;
T_2 ;
    %vpi_call 2 24 "$monitor", $time, " a1=%b,a2=%b,a3=%b,b=%b", v0000000002866c70_0, v000000000091a890_0, v000000000091a930_0, v000000000091cd20_0 {0 0 0};
    %end;
    .thread T_2;
    .scope S_000000000091a700;
T_3 ;
    %delay 100, 0;
    %vpi_call 2 29 "$finish" {0 0 0};
    %end;
    .thread T_3;
# The file index is used to find the file name in the following table.
:file_names 3;
    "N/A";
    "<interactive>";
    "hello_and.vl";
