#! /usr/local/iverilog/bin/vvp
:ivl_version "11.0 (devel)" "(s20150603-612-ga9388a89)";
:ivl_delay_selection "TYPICAL";
:vpi_time_precision + 0;
:vpi_module "system";
:vpi_module "vhdl_sys";
:vpi_module "vhdl_textio";
:vpi_module "v2005_math";
:vpi_module "va_math";
S_00000000008662e0 .scope module, "tb_mips_8" "tb_mips_8" 2 1;
 .timescale 0 0;
v00000000008b6290 .array "data", 2 0;
v00000000008b6290_0 .net v00000000008b6290 0, 31 0, v00000000008b5c50_0; 1 drivers
v00000000008b6290_1 .net v00000000008b6290 1, 31 0, v000000000002d870_0; 1 drivers
v00000000008b6290_2 .net v00000000008b6290 2, 31 0, v00000000008548a0_0; 1 drivers
v00000000008b5f70_0 .var "instr", 31 0;
v00000000008b5890_0 .net "select", 1 0, v000000000002d730_0;  1 drivers
L_00000000008b5d90 .part v00000000008b5f70_0, 26, 6;
L_00000000008b60b0 .part v00000000008b5f70_0, 21, 5;
L_00000000008b6150 .part v00000000008b5f70_0, 16, 5;
L_00000000008b5cf0 .part v00000000008b5f70_0, 0, 6;
S_0000000000866470 .scope module, "four" "mips_8" 2 9, 3 1 0, S_00000000008662e0;
 .timescale 0 0;
    .port_info 0 /INPUT 6 "opcode";
    .port_info 1 /INPUT 32 "rs";
    .port_info 2 /INPUT 32 "rt";
    .port_info 3 /OUTPUT 32 "rd";
v0000000000866600_0 .net "opcode", 5 0, L_00000000008b5cf0;  1 drivers
v00000000008548a0_0 .var "rd", 31 0;
v0000000000854660_0 .net "rs", 31 0, v00000000008b5c50_0;  alias, 1 drivers
v0000000000853e40_0 .net "rt", 31 0, v000000000002d870_0;  alias, 1 drivers
E_000000000002b6e0 .event edge, v0000000000853e40_0, v0000000000854660_0;
S_000000000002d500 .scope module, "one" "instr_type" 2 6, 3 15 0, S_00000000008662e0;
 .timescale 0 0;
    .port_info 0 /INPUT 6 "instr";
    .port_info 1 /OUTPUT 2 "sel";
v000000000002d690_0 .net "instr", 5 0, L_00000000008b5d90;  1 drivers
v000000000002d730_0 .var "sel", 0 1;
E_000000000002b720 .event edge, v000000000002d690_0;
S_0000000000832560 .scope module, "three" "register_file" 2 8, 3 25 0, S_00000000008662e0;
 .timescale 0 0;
    .port_info 0 /INPUT 5 "read_address";
    .port_info 1 /OUTPUT 32 "read_data";
v000000000002d7d0_0 .net "read_address", 4 0, L_00000000008b6150;  1 drivers
v000000000002d870_0 .var "read_data", 31 0;
E_000000000002b760 .event edge, v000000000002d7d0_0;
S_00000000008326f0 .scope module, "two" "register_file" 2 7, 3 25 0, S_00000000008662e0;
 .timescale 0 0;
    .port_info 0 /INPUT 5 "read_address";
    .port_info 1 /OUTPUT 32 "read_data";
v00000000008b6330_0 .net "read_address", 4 0, L_00000000008b60b0;  1 drivers
v00000000008b5c50_0 .var "read_data", 31 0;
E_000000000002aee0 .event edge, v00000000008b6330_0;
    .scope S_000000000002d500;
T_0 ;
    %wait E_000000000002b720;
    %load/vec4 v000000000002d690_0;
    %dup/vec4;
    %pushi/vec4 0, 0, 6;
    %cmp/u;
    %jmp/1 T_0.0, 6;
    %jmp T_0.1;
T_0.0 ;
    %pushi/vec4 0, 0, 2;
    %store/vec4 v000000000002d730_0, 0, 2;
    %vpi_call 3 20 "$display", "R-type" {0 0 0};
    %jmp T_0.1;
T_0.1 ;
    %pop/vec4 1;
    %jmp T_0;
    .thread T_0, $push;
    .scope S_00000000008326f0;
T_1 ;
    %wait E_000000000002aee0;
    %load/vec4 v00000000008b6330_0;
    %dup/vec4;
    %pushi/vec4 16, 0, 5;
    %cmp/u;
    %jmp/1 T_1.0, 6;
    %dup/vec4;
    %pushi/vec4 17, 0, 5;
    %cmp/u;
    %jmp/1 T_1.1, 6;
    %jmp T_1.2;
T_1.0 ;
    %pushi/vec4 1, 0, 32;
    %store/vec4 v00000000008b5c50_0, 0, 32;
    %jmp T_1.2;
T_1.1 ;
    %pushi/vec4 3, 0, 32;
    %store/vec4 v00000000008b5c50_0, 0, 32;
    %jmp T_1.2;
T_1.2 ;
    %pop/vec4 1;
    %jmp T_1;
    .thread T_1, $push;
    .scope S_0000000000832560;
T_2 ;
    %wait E_000000000002b760;
    %load/vec4 v000000000002d7d0_0;
    %dup/vec4;
    %pushi/vec4 16, 0, 5;
    %cmp/u;
    %jmp/1 T_2.0, 6;
    %dup/vec4;
    %pushi/vec4 17, 0, 5;
    %cmp/u;
    %jmp/1 T_2.1, 6;
    %jmp T_2.2;
T_2.0 ;
    %pushi/vec4 1, 0, 32;
    %store/vec4 v000000000002d870_0, 0, 32;
    %jmp T_2.2;
T_2.1 ;
    %pushi/vec4 3, 0, 32;
    %store/vec4 v000000000002d870_0, 0, 32;
    %jmp T_2.2;
T_2.2 ;
    %pop/vec4 1;
    %jmp T_2;
    .thread T_2, $push;
    .scope S_0000000000866470;
T_3 ;
    %wait E_000000000002b6e0;
    %load/vec4 v0000000000866600_0;
    %dup/vec4;
    %pushi/vec4 0, 0, 6;
    %cmp/u;
    %jmp/1 T_3.0, 6;
    %vpi_call 3 9 "$display", "ADD return error" {0 0 0};
    %jmp T_3.2;
T_3.0 ;
    %load/vec4 v0000000000854660_0;
    %load/vec4 v0000000000853e40_0;
    %add;
    %store/vec4 v00000000008548a0_0, 0, 32;
    %vpi_call 3 8 "$display", "Addition is %b", v00000000008548a0_0 {0 0 0};
    %jmp T_3.2;
T_3.2 ;
    %pop/vec4 1;
    %jmp T_3;
    .thread T_3, $push;
    .scope S_00000000008662e0;
T_4 ;
    %pushi/vec4 34707488, 0, 32;
    %store/vec4 v00000000008b5f70_0, 0, 32;
    %delay 5, 0;
    %end;
    .thread T_4;
# The file index is used to find the file name in the following table.
:file_names 4;
    "N/A";
    "<interactive>";
    "tb_mips_8.vl";
    "mip_8.vl";
